<?xml version="1.0" encoding="UTF-8"?>
<robot generator="Robot 7.0 (Python 3.10.6 on win32)" generated="2024-05-31T14:48:52.231248" rpa="false" schemaversion="5">
<suite id="s1" name="TC Logout" source="E:\System\PycharmProjects\PKPL\Logout\TC_Logout.robot">
<test id="s1-t1" name="LoginTest" line="10">
<kw name="Open Browser" owner="SeleniumLibrary">
<msg time="2024-05-31T14:48:52.395060" level="INFO">Opening browser 'chrome' to base url 'http://127.0.0.1:8000/admin/login'.</msg>
<arg>${URL}</arg>
<arg>chrome</arg>
<doc>Opens a new browser instance to the optional ``url``.</doc>
<status status="PASS" start="2024-05-31T14:48:52.394548" elapsed="3.692060"/>
</kw>
<kw name="Set Selenium Implicit Wait" owner="SeleniumLibrary">
<arg>5</arg>
<doc>Sets the implicit wait value used by Selenium.</doc>
<status status="PASS" start="2024-05-31T14:48:56.087604" elapsed="0.001993"/>
</kw>
<kw name="Input Text" owner="SeleniumLibrary">
<msg time="2024-05-31T14:48:56.090594" level="INFO">Typing text 'admin' into text field 'name=username'.</msg>
<arg>name=username</arg>
<arg>${USERNAME}</arg>
<doc>Types the given ``text`` into the text field identified by ``locator``.</doc>
<status status="PASS" start="2024-05-31T14:48:56.090594" elapsed="0.095725"/>
</kw>
<kw name="Input Password" owner="SeleniumLibrary">
<msg time="2024-05-31T14:48:56.187320" level="INFO">Typing password into text field 'name=password'.</msg>
<msg time="2024-05-31T14:48:56.214226" level="INFO">Temporally setting log level to: NONE</msg>
<arg>name=password</arg>
<arg>${PASSWORD}</arg>
<doc>Types the given password into the text field identified by ``locator``.</doc>
<status status="PASS" start="2024-05-31T14:48:56.186319" elapsed="0.073759"/>
</kw>
<kw name="Click Button" owner="SeleniumLibrary">
<msg time="2024-05-31T14:48:56.262074" level="INFO">Clicking button 'xpath=//input[@value='Sign In']'.</msg>
<arg>xpath=//input[@value='Sign In']</arg>
<doc>Clicks the button identified by ``locator``.</doc>
<status status="PASS" start="2024-05-31T14:48:56.261068" elapsed="1.674838"/>
</kw>
<kw name="Click Button" owner="SeleniumLibrary">
<msg time="2024-05-31T14:48:57.937900" level="INFO">Clicking button 'xpath=//*[@id="page-top"]/div[3]/div/div[3]/button[1]'.</msg>
<arg>xpath=//*[@id="page-top"]/div[3]/div/div[3]/button[1]</arg>
<doc>Clicks the button identified by ``locator``.</doc>
<status status="PASS" start="2024-05-31T14:48:57.936905" elapsed="0.038869"/>
</kw>
<status status="PASS" start="2024-05-31T14:48:52.394030" elapsed="5.582740"/>
</test>
<test id="s1-t2" name="Logout" line="18">
<kw name="Click Element" owner="SeleniumLibrary">
<msg time="2024-05-31T14:48:57.977767" level="INFO">Clicking element 'xpath=//*[@id="userDropdown"]/span'.</msg>
<arg>xpath=//*[@id="userDropdown"]/span</arg>
<doc>Click the element identified by ``locator``.</doc>
<status status="PASS" start="2024-05-31T14:48:57.976770" elapsed="0.234028"/>
</kw>
<kw name="Sleep" owner="BuiltIn">
<msg time="2024-05-31T14:48:59.224318" level="INFO">Slept 1 second.</msg>
<arg>1</arg>
<doc>Pauses the test executed for the given time.</doc>
<status status="PASS" start="2024-05-31T14:48:58.210798" elapsed="1.013520"/>
</kw>
<kw name="Click Link" owner="SeleniumLibrary">
<msg time="2024-05-31T14:48:59.224756" level="INFO">Clicking link 'xpath=//*[@id="content"]/nav/ul/li/div/a[2]'.</msg>
<arg>xpath=//*[@id="content"]/nav/ul/li/div/a[2]</arg>
<doc>Clicks a link identified by ``locator``.</doc>
<status status="PASS" start="2024-05-31T14:48:59.224756" elapsed="0.282533"/>
</kw>
<kw name="Sleep" owner="BuiltIn">
<msg time="2024-05-31T14:49:01.508633" level="INFO">Slept 2 seconds.</msg>
<arg>2</arg>
<doc>Pauses the test executed for the given time.</doc>
<status status="PASS" start="2024-05-31T14:48:59.507289" elapsed="2.001344"/>
</kw>
<status status="PASS" start="2024-05-31T14:48:57.976770" elapsed="3.531863"/>
</test>
<status status="PASS" start="2024-05-31T14:48:52.232190" elapsed="9.277439"/>
</suite>
<statistics>
<total>
<stat pass="2" fail="0" skip="0">All Tests</stat>
</total>
<tag>
</tag>
<suite>
<stat pass="2" fail="0" skip="0" id="s1" name="TC Logout">TC Logout</stat>
</suite>
</statistics>
<errors>
</errors>
</robot>
